<?xml version="1.0" encoding="UTF-8"?>
<testng-results ignored="0" total="0" passed="0" failed="0" skipped="0">
  <reporter-output>
  </reporter-output>
  <suite started-at="2021-05-07T12:04:20 GMT+03:00" name="TestOne" finished-at="2021-05-07T12:04:20 GMT+03:00" duration-ms="19">
    <groups>
    </groups>
    <test started-at="2021-05-07T12:04:20 GMT+03:00" name="Command line test" finished-at="2021-05-07T12:04:20 GMT+03:00" duration-ms="19">
    </test> <!-- Command line test -->
  </suite> <!-- TestOne -->
</testng-results>
